[1.687s] Invoking command in '/home/raj/GSOC2023/src/jderobot': PYTHONPATH=/home/raj/GSOC2023/build/jderobot/prefix_override:/home/raj/GSOC2023/install/jderobot/lib/python3.10/site-packages:${PYTHONPATH} /usr/bin/python3 setup.py egg_info --egg-base ../../build/jderobot build --build-base /home/raj/GSOC2023/build/jderobot/build install --record /home/raj/GSOC2023/build/jderobot/install.log --single-version-externally-managed
[2.109s] running egg_info
[2.110s] writing ../../build/jderobot/jderobot.egg-info/PKG-INFO
[2.119s] writing dependency_links to ../../build/jderobot/jderobot.egg-info/dependency_links.txt
[2.120s] writing entry points to ../../build/jderobot/jderobot.egg-info/entry_points.txt
[2.121s] writing requirements to ../../build/jderobot/jderobot.egg-info/requires.txt
[2.121s] writing top-level names to ../../build/jderobot/jderobot.egg-info/top_level.txt
[2.125s] reading manifest file '../../build/jderobot/jderobot.egg-info/SOURCES.txt'
[2.129s] writing manifest file '../../build/jderobot/jderobot.egg-info/SOURCES.txt'
[2.129s] running build
[2.129s] running build_py
[2.138s] copying jderobot/sub.py -> /home/raj/GSOC2023/build/jderobot/build/lib/jderobot
[2.138s] copying jderobot/pub.py -> /home/raj/GSOC2023/build/jderobot/build/lib/jderobot
[2.143s] running install
[2.144s] /usr/lib/python3/dist-packages/setuptools/command/install.py:34: SetuptoolsDeprecationWarning: setup.py install is deprecated. Use build and pip and other standards-based tools.
[2.144s]   warnings.warn(
[2.145s] running install_lib
[2.145s] copying /home/raj/GSOC2023/build/jderobot/build/lib/jderobot/sub.py -> /home/raj/GSOC2023/install/jderobot/lib/python3.10/site-packages/jderobot
[2.145s] copying /home/raj/GSOC2023/build/jderobot/build/lib/jderobot/pub.py -> /home/raj/GSOC2023/install/jderobot/lib/python3.10/site-packages/jderobot
[2.145s] byte-compiling /home/raj/GSOC2023/install/jderobot/lib/python3.10/site-packages/jderobot/sub.py to sub.cpython-310.pyc
[2.145s] byte-compiling /home/raj/GSOC2023/install/jderobot/lib/python3.10/site-packages/jderobot/pub.py to pub.cpython-310.pyc
[2.146s] running install_data
[2.147s] running install_egg_info
[2.151s] removing '/home/raj/GSOC2023/install/jderobot/lib/python3.10/site-packages/jderobot-0.0.0-py3.10.egg-info' (and everything under it)
[2.155s] Copying ../../build/jderobot/jderobot.egg-info to /home/raj/GSOC2023/install/jderobot/lib/python3.10/site-packages/jderobot-0.0.0-py3.10.egg-info
[2.158s] running install_scripts
[2.196s] Installing listener script to /home/raj/GSOC2023/install/jderobot/lib/jderobot
[2.197s] Installing talker script to /home/raj/GSOC2023/install/jderobot/lib/jderobot
[2.199s] writing list of installed files to '/home/raj/GSOC2023/build/jderobot/install.log'
[2.253s] Invoked command in '/home/raj/GSOC2023/src/jderobot' returned '0': PYTHONPATH=/home/raj/GSOC2023/build/jderobot/prefix_override:/home/raj/GSOC2023/install/jderobot/lib/python3.10/site-packages:${PYTHONPATH} /usr/bin/python3 setup.py egg_info --egg-base ../../build/jderobot build --build-base /home/raj/GSOC2023/build/jderobot/build install --record /home/raj/GSOC2023/build/jderobot/install.log --single-version-externally-managed
