[0.539s] DEBUG:colcon:Command line arguments: ['/usr/bin/colcon', 'build', '--packages-select', 'jderobot']
[0.539s] DEBUG:colcon:Parsed command line arguments: Namespace(log_base=None, log_level=None, verb_name='build', build_base='build', install_base='install', merge_install=False, symlink_install=False, test_result_base=None, continue_on_error=False, executor='parallel', parallel_workers=4, event_handlers=None, ignore_user_meta=False, metas=['./colcon.meta'], base_paths=['.'], packages_ignore=None, packages_ignore_regex=None, paths=None, packages_up_to=None, packages_up_to_regex=None, packages_above=None, packages_above_and_dependencies=None, packages_above_depth=None, packages_select_by_dep=None, packages_skip_by_dep=None, packages_skip_up_to=None, packages_select_build_failed=False, packages_skip_build_finished=False, packages_select_test_failures=False, packages_skip_test_passed=False, packages_select=['jderobot'], packages_skip=None, packages_select_regex=None, packages_skip_regex=None, packages_start=None, packages_end=None, allow_overriding=[], cmake_args=None, cmake_target=None, cmake_target_skip_unavailable=False, cmake_clean_cache=False, cmake_clean_first=False, cmake_force_configure=False, ament_cmake_args=None, catkin_cmake_args=None, catkin_skip_building_tests=False, verb_parser=<colcon_defaults.argument_parser.defaults.DefaultArgumentsDecorator object at 0x7f1b3c9d0580>, verb_extension=<colcon_core.verb.build.BuildVerb object at 0x7f1b3d1b9870>, main=<bound method BuildVerb.main of <colcon_core.verb.build.BuildVerb object at 0x7f1b3d1b9870>>)
[0.591s] Level 1:colcon.colcon_core.package_discovery:discover_packages(colcon_meta) check parameters
[0.591s] Level 1:colcon.colcon_core.package_discovery:discover_packages(recursive) check parameters
[0.591s] Level 1:colcon.colcon_core.package_discovery:discover_packages(ignore) check parameters
[0.591s] Level 1:colcon.colcon_core.package_discovery:discover_packages(path) check parameters
[0.591s] Level 1:colcon.colcon_core.package_discovery:discover_packages(colcon_meta) discover
[0.591s] Level 1:colcon.colcon_core.package_discovery:discover_packages(recursive) discover
[0.591s] INFO:colcon.colcon_core.package_discovery:Crawling recursively for packages in '/home/raj/GSOC2023'
[0.591s] Level 1:colcon.colcon_core.package_identification:_identify(.) by extensions ['ignore', 'ignore_ament_install']
[0.591s] Level 1:colcon.colcon_core.package_identification:_identify(.) by extension 'ignore'
[0.591s] Level 1:colcon.colcon_core.package_identification:_identify(.) by extension 'ignore_ament_install'
[0.591s] Level 1:colcon.colcon_core.package_identification:_identify(.) by extensions ['colcon_pkg']
[0.592s] Level 1:colcon.colcon_core.package_identification:_identify(.) by extension 'colcon_pkg'
[0.592s] Level 1:colcon.colcon_core.package_identification:_identify(.) by extensions ['colcon_meta']
[0.592s] Level 1:colcon.colcon_core.package_identification:_identify(.) by extension 'colcon_meta'
[0.592s] Level 1:colcon.colcon_core.package_identification:_identify(.) by extensions ['ros']
[0.592s] Level 1:colcon.colcon_core.package_identification:_identify(.) by extension 'ros'
[0.610s] Level 1:colcon.colcon_core.package_identification:_identify(.) by extensions ['cmake', 'python']
[0.610s] Level 1:colcon.colcon_core.package_identification:_identify(.) by extension 'cmake'
[0.610s] Level 1:colcon.colcon_core.package_identification:_identify(.) by extension 'python'
[0.610s] Level 1:colcon.colcon_core.package_identification:_identify(.) by extensions ['python_setup_py']
[0.610s] Level 1:colcon.colcon_core.package_identification:_identify(.) by extension 'python_setup_py'
[0.610s] Level 1:colcon.colcon_core.package_identification:_identify(build) by extensions ['ignore', 'ignore_ament_install']
[0.610s] Level 1:colcon.colcon_core.package_identification:_identify(build) by extension 'ignore'
[0.611s] Level 1:colcon.colcon_core.package_identification:_identify(build) ignored
[0.611s] Level 1:colcon.colcon_core.package_identification:_identify(install) by extensions ['ignore', 'ignore_ament_install']
[0.611s] Level 1:colcon.colcon_core.package_identification:_identify(install) by extension 'ignore'
[0.611s] Level 1:colcon.colcon_core.package_identification:_identify(install) ignored
[0.611s] Level 1:colcon.colcon_core.package_identification:_identify(log) by extensions ['ignore', 'ignore_ament_install']
[0.611s] Level 1:colcon.colcon_core.package_identification:_identify(log) by extension 'ignore'
[0.611s] Level 1:colcon.colcon_core.package_identification:_identify(log) ignored
[0.611s] Level 1:colcon.colcon_core.package_identification:_identify(src) by extensions ['ignore', 'ignore_ament_install']
[0.611s] Level 1:colcon.colcon_core.package_identification:_identify(src) by extension 'ignore'
[0.612s] Level 1:colcon.colcon_core.package_identification:_identify(src) by extension 'ignore_ament_install'
[0.612s] Level 1:colcon.colcon_core.package_identification:_identify(src) by extensions ['colcon_pkg']
[0.612s] Level 1:colcon.colcon_core.package_identification:_identify(src) by extension 'colcon_pkg'
[0.612s] Level 1:colcon.colcon_core.package_identification:_identify(src) by extensions ['colcon_meta']
[0.612s] Level 1:colcon.colcon_core.package_identification:_identify(src) by extension 'colcon_meta'
[0.612s] Level 1:colcon.colcon_core.package_identification:_identify(src) by extensions ['ros']
[0.612s] Level 1:colcon.colcon_core.package_identification:_identify(src) by extension 'ros'
[0.612s] Level 1:colcon.colcon_core.package_identification:_identify(src) by extensions ['cmake', 'python']
[0.612s] Level 1:colcon.colcon_core.package_identification:_identify(src) by extension 'cmake'
[0.612s] Level 1:colcon.colcon_core.package_identification:_identify(src) by extension 'python'
[0.612s] Level 1:colcon.colcon_core.package_identification:_identify(src) by extensions ['python_setup_py']
[0.613s] Level 1:colcon.colcon_core.package_identification:_identify(src) by extension 'python_setup_py'
[0.613s] Level 1:colcon.colcon_core.package_identification:_identify(src/jderobot) by extensions ['ignore', 'ignore_ament_install']
[0.613s] Level 1:colcon.colcon_core.package_identification:_identify(src/jderobot) by extension 'ignore'
[0.613s] Level 1:colcon.colcon_core.package_identification:_identify(src/jderobot) by extension 'ignore_ament_install'
[0.613s] Level 1:colcon.colcon_core.package_identification:_identify(src/jderobot) by extensions ['colcon_pkg']
[0.613s] Level 1:colcon.colcon_core.package_identification:_identify(src/jderobot) by extension 'colcon_pkg'
[0.613s] Level 1:colcon.colcon_core.package_identification:_identify(src/jderobot) by extensions ['colcon_meta']
[0.613s] Level 1:colcon.colcon_core.package_identification:_identify(src/jderobot) by extension 'colcon_meta'
[0.613s] Level 1:colcon.colcon_core.package_identification:_identify(src/jderobot) by extensions ['ros']
[0.613s] Level 1:colcon.colcon_core.package_identification:_identify(src/jderobot) by extension 'ros'
[0.618s] DEBUG:colcon.colcon_core.package_identification:Package 'src/jderobot' with type 'ros.ament_python' and name 'jderobot'
[0.618s] Level 1:colcon.colcon_core.package_discovery:discover_packages(recursive) using defaults
[0.618s] Level 1:colcon.colcon_core.package_discovery:discover_packages(ignore) discover
[0.618s] Level 1:colcon.colcon_core.package_discovery:discover_packages(ignore) using defaults
[0.618s] Level 1:colcon.colcon_core.package_discovery:discover_packages(path) discover
[0.618s] Level 1:colcon.colcon_core.package_discovery:discover_packages(path) using defaults
[0.655s] Level 1:colcon.colcon_core.package_discovery:discover_packages(prefix_path) check parameters
[0.655s] Level 1:colcon.colcon_core.package_discovery:discover_packages(prefix_path) discover
[0.659s] DEBUG:colcon.colcon_installed_package_information.package_discovery:Found 1 installed packages in /home/raj/GSOC2023/install
[0.662s] DEBUG:colcon.colcon_installed_package_information.package_discovery:Found 337 installed packages in /opt/ros/humble
[0.665s] Level 1:colcon.colcon_core.package_discovery:discover_packages(prefix_path) using defaults
[0.771s] Level 5:colcon.colcon_core.verb:set package 'jderobot' build argument 'cmake_args' from command line to 'None'
[0.771s] Level 5:colcon.colcon_core.verb:set package 'jderobot' build argument 'cmake_target' from command line to 'None'
[0.771s] Level 5:colcon.colcon_core.verb:set package 'jderobot' build argument 'cmake_target_skip_unavailable' from command line to 'False'
[0.771s] Level 5:colcon.colcon_core.verb:set package 'jderobot' build argument 'cmake_clean_cache' from command line to 'False'
[0.771s] Level 5:colcon.colcon_core.verb:set package 'jderobot' build argument 'cmake_clean_first' from command line to 'False'
[0.771s] Level 5:colcon.colcon_core.verb:set package 'jderobot' build argument 'cmake_force_configure' from command line to 'False'
[0.771s] Level 5:colcon.colcon_core.verb:set package 'jderobot' build argument 'ament_cmake_args' from command line to 'None'
[0.771s] Level 5:colcon.colcon_core.verb:set package 'jderobot' build argument 'catkin_cmake_args' from command line to 'None'
[0.771s] Level 5:colcon.colcon_core.verb:set package 'jderobot' build argument 'catkin_skip_building_tests' from command line to 'False'
[0.772s] DEBUG:colcon.colcon_core.verb:Building package 'jderobot' with the following arguments: {'ament_cmake_args': None, 'build_base': '/home/raj/GSOC2023/build/jderobot', 'catkin_cmake_args': None, 'catkin_skip_building_tests': False, 'cmake_args': None, 'cmake_clean_cache': False, 'cmake_clean_first': False, 'cmake_force_configure': False, 'cmake_target': None, 'cmake_target_skip_unavailable': False, 'install_base': '/home/raj/GSOC2023/install/jderobot', 'merge_install': False, 'path': '/home/raj/GSOC2023/src/jderobot', 'symlink_install': False, 'test_result_base': None}
[0.773s] INFO:colcon.colcon_core.executor:Executing jobs using 'parallel' executor
[0.777s] DEBUG:colcon.colcon_parallel_executor.executor.parallel:run_until_complete
[0.778s] INFO:colcon.colcon_ros.task.ament_python.build:Building ROS package in '/home/raj/GSOC2023/src/jderobot' with build type 'ament_python'
[0.778s] Level 1:colcon.colcon_core.shell:create_environment_hook('jderobot', 'ament_prefix_path')
[0.786s] INFO:colcon.colcon_core.plugin_system:Skipping extension 'colcon_core.shell.bat': Not used on non-Windows systems
[0.786s] INFO:colcon.colcon_core.shell:Creating environment hook '/home/raj/GSOC2023/install/jderobot/share/jderobot/hook/ament_prefix_path.ps1'
[0.787s] INFO:colcon.colcon_core.shell:Creating environment descriptor '/home/raj/GSOC2023/install/jderobot/share/jderobot/hook/ament_prefix_path.dsv'
[0.789s] INFO:colcon.colcon_core.shell:Creating environment hook '/home/raj/GSOC2023/install/jderobot/share/jderobot/hook/ament_prefix_path.sh'
[0.795s] INFO:colcon.colcon_core.shell:Skip shell extension 'powershell' for command environment: Not usable outside of PowerShell
[0.795s] DEBUG:colcon.colcon_core.shell:Skip shell extension 'dsv' for command environment
[1.462s] INFO:colcon.colcon_core.task.python.build:Building Python package in '/home/raj/GSOC2023/src/jderobot'
[1.464s] INFO:colcon.colcon_core.shell:Skip shell extension 'powershell' for command environment: Not usable outside of PowerShell
[1.464s] DEBUG:colcon.colcon_core.shell:Skip shell extension 'dsv' for command environment
[2.198s] DEBUG:colcon.colcon_core.event_handler.log_command:Invoking command in '/home/raj/GSOC2023/src/jderobot': PYTHONPATH=/home/raj/GSOC2023/build/jderobot/prefix_override:/home/raj/GSOC2023/install/jderobot/lib/python3.10/site-packages:${PYTHONPATH} /usr/bin/python3 setup.py egg_info --egg-base ../../build/jderobot build --build-base /home/raj/GSOC2023/build/jderobot/build install --record /home/raj/GSOC2023/build/jderobot/install.log --single-version-externally-managed
[2.931s] DEBUG:colcon.colcon_core.event_handler.log_command:Invoked command in '/home/raj/GSOC2023/src/jderobot' returned '0': PYTHONPATH=/home/raj/GSOC2023/build/jderobot/prefix_override:/home/raj/GSOC2023/install/jderobot/lib/python3.10/site-packages:${PYTHONPATH} /usr/bin/python3 setup.py egg_info --egg-base ../../build/jderobot build --build-base /home/raj/GSOC2023/build/jderobot/build install --record /home/raj/GSOC2023/build/jderobot/install.log --single-version-externally-managed
[2.941s] Level 1:colcon.colcon_core.environment:checking '/home/raj/GSOC2023/install/jderobot' for CMake module files
[2.942s] Level 1:colcon.colcon_core.environment:checking '/home/raj/GSOC2023/install/jderobot' for CMake config files
[2.945s] Level 1:colcon.colcon_core.environment:checking '/home/raj/GSOC2023/install/jderobot/lib'
[2.946s] Level 1:colcon.colcon_core.environment:checking '/home/raj/GSOC2023/install/jderobot/bin'
[2.946s] Level 1:colcon.colcon_core.environment:checking '/home/raj/GSOC2023/install/jderobot/lib/pkgconfig/jderobot.pc'
[2.947s] Level 1:colcon.colcon_core.environment:checking '/home/raj/GSOC2023/install/jderobot/lib/python3.10/site-packages'
[2.947s] Level 1:colcon.colcon_core.shell:create_environment_hook('jderobot', 'pythonpath')
[2.954s] INFO:colcon.colcon_core.shell:Creating environment hook '/home/raj/GSOC2023/install/jderobot/share/jderobot/hook/pythonpath.ps1'
[2.955s] INFO:colcon.colcon_core.shell:Creating environment descriptor '/home/raj/GSOC2023/install/jderobot/share/jderobot/hook/pythonpath.dsv'
[2.957s] INFO:colcon.colcon_core.shell:Creating environment hook '/home/raj/GSOC2023/install/jderobot/share/jderobot/hook/pythonpath.sh'
[2.958s] Level 1:colcon.colcon_core.environment:checking '/home/raj/GSOC2023/install/jderobot/bin'
[2.958s] Level 1:colcon.colcon_core.environment:create_environment_scripts_only(jderobot)
[2.960s] INFO:colcon.colcon_core.shell:Creating package script '/home/raj/GSOC2023/install/jderobot/share/jderobot/package.ps1'
[2.968s] INFO:colcon.colcon_core.shell:Creating package descriptor '/home/raj/GSOC2023/install/jderobot/share/jderobot/package.dsv'
[2.972s] INFO:colcon.colcon_core.shell:Creating package script '/home/raj/GSOC2023/install/jderobot/share/jderobot/package.sh'
[2.975s] INFO:colcon.colcon_core.shell:Creating package script '/home/raj/GSOC2023/install/jderobot/share/jderobot/package.bash'
[2.977s] INFO:colcon.colcon_core.shell:Creating package script '/home/raj/GSOC2023/install/jderobot/share/jderobot/package.zsh'
[2.979s] Level 1:colcon.colcon_core.environment:create_file_with_runtime_dependencies(/home/raj/GSOC2023/install/jderobot/share/colcon-core/packages/jderobot)
[2.980s] DEBUG:colcon.colcon_parallel_executor.executor.parallel:closing loop
[2.981s] DEBUG:colcon.colcon_parallel_executor.executor.parallel:loop closed
[2.981s] DEBUG:colcon.colcon_parallel_executor.executor.parallel:run_until_complete finished with '0'
[2.981s] DEBUG:colcon.colcon_core.event_reactor:joining thread
[2.998s] INFO:colcon.colcon_core.plugin_system:Skipping extension 'colcon_notification.desktop_notification.terminal_notifier': Not used on non-Darwin systems
[2.999s] INFO:colcon.colcon_core.plugin_system:Skipping extension 'colcon_notification.desktop_notification.win32': Not used on non-Windows systems
[2.999s] INFO:colcon.colcon_notification.desktop_notification:Sending desktop notification using 'notify2'
[3.080s] DEBUG:colcon.colcon_core.event_reactor:joined thread
[3.084s] INFO:colcon.colcon_core.shell:Creating prefix script '/home/raj/GSOC2023/install/local_setup.ps1'
[3.088s] INFO:colcon.colcon_core.shell:Creating prefix util module '/home/raj/GSOC2023/install/_local_setup_util_ps1.py'
[3.092s] INFO:colcon.colcon_core.shell:Creating prefix chain script '/home/raj/GSOC2023/install/setup.ps1'
[3.098s] INFO:colcon.colcon_core.shell:Creating prefix script '/home/raj/GSOC2023/install/local_setup.sh'
[3.104s] INFO:colcon.colcon_core.shell:Creating prefix util module '/home/raj/GSOC2023/install/_local_setup_util_sh.py'
[3.111s] INFO:colcon.colcon_core.shell:Creating prefix chain script '/home/raj/GSOC2023/install/setup.sh'
[3.115s] INFO:colcon.colcon_core.shell:Creating prefix script '/home/raj/GSOC2023/install/local_setup.bash'
[3.117s] INFO:colcon.colcon_core.shell:Creating prefix chain script '/home/raj/GSOC2023/install/setup.bash'
[3.121s] INFO:colcon.colcon_core.shell:Creating prefix script '/home/raj/GSOC2023/install/local_setup.zsh'
[3.125s] INFO:colcon.colcon_core.shell:Creating prefix chain script '/home/raj/GSOC2023/install/setup.zsh'
